

23:15:42 error: Connection terminated unexpectedly
         connection: {"dev":{"driver":"pg","user":"postgres","password":"changeme","host":"localhost","port":5432,"database":"lovelystaydb"},"host":"localhost","port":5432,"database":"pg-promise-demo","user":"postgres","default":{"dev":{"driver":"pg","user":"postgres","password":"changeme","host":"localhost","port":5432,"database":"lovelystaydb"},"host":"localhost","port":5432,"database":"pg-promise-demo","user":"postgres"}}

23:48:52 error: Connection terminated unexpectedly
         connection: {"dev":{"driver":"pg","user":"postgres","password":"changeme","host":"localhost","port":5432,"database":"lovelystaydb"},"host":"localhost","port":5432,"database":"pg-promise-demo","user":"postgres","default":{"dev":{"driver":"pg","user":"postgres","password":"changeme","host":"localhost","port":5432,"database":"lovelystaydb"},"host":"localhost","port":5432,"database":"pg-promise-demo","user":"postgres"}}

08:12:45 error: the database system is starting up
         connection: {"dev":{"driver":"pg","user":"postgres","password":"changeme","host":"localhost","port":5432,"database":"lovelystaydb"},"host":"localhost","port":5432,"database":"pg-promise-demo","user":"postgres","default":{"dev":{"driver":"pg","user":"postgres","password":"changeme","host":"localhost","port":5432,"database":"lovelystaydb"},"host":"localhost","port":5432,"database":"pg-promise-demo","user":"postgres"}}

11:46:38 error: database "pg-promise-demo" does not exist
         connection: {"dev":{"driver":"pg","user":"postgres","password":"changeme","host":"localhost","port":5432,"database":"lovelystaydb"},"host":"localhost","port":5432,"database":"pg-promise-demo","user":"postgres","password":"########","default":{"dev":{"driver":"pg","user":"postgres","password":"changeme","host":"localhost","port":5432,"database":"lovelystaydb"},"host":"localhost","port":5432,"database":"pg-promise-demo","user":"postgres","password":"changeme"}}

11:47:14 error: database "pg-promise-demo" does not exist
         connection: {"dev":{"driver":"pg","user":"postgres","password":"changeme","host":"localhost","port":5432,"database":"lovelystaydb"},"host":"localhost","port":5432,"database":"pg-promise-demo","user":"postgres","password":"########","default":{"dev":{"driver":"pg","user":"postgres","password":"changeme","host":"localhost","port":5432,"database":"lovelystaydb"},"host":"localhost","port":5432,"database":"pg-promise-demo","user":"postgres","password":"changeme"}}

11:47:48 error: syntax error at or near "$"
         task(add-git-user): INSERT INTO public.gitusers( login, location, name, bio, avatar_url, company) VALUES (${login}, ${location}, ${name}, ${bio}, ${avatar_url}, ${company}); RETURNING *

12:23:22 error: there is no parameter $1
         task(add-git-user): INSERT INTO gitusers(login, location, name, bio, avatar_url, company) VALUES ($1, $2, $3, $4, $5, $6)

12:30:00 error: there is no parameter $1
         task(add-git-user): INSERT INTO gitusers(login, location, name, bio, avatar_url, company) VALUES ($1, $2, $3, $4, $5, $6)

12:31:01 error: there is no parameter $1
         task(add-git-user): INSERT INTO gitusers(login, location, name, bio, avatar_url, company) VALUES ($1, $2, $3, $4, $5, $6)

12:34:52 error: syntax error at or near "$"
         task(add-git-user): INSERT INTO gitusers(login, location, name, bio, avatar_url, company) VALUES ($login, $2, $3, $4, $5, $6)

12:41:45 error: syntax error at or near "Tomilov"
         task(add-git-user): INSERT INTO gitusers(login, location, name, bio, avatar_url, company) VALUES (vitaly-t, Wicklow, Ireland, Vitaly Tomilov, Full-Stack Developer
, https://avatars.githubusercontent.com/u/5108906?v=4, undefined)

12:42:50 error: syntax error at or near "Tomilov"
         task(add-git-user): INSERT INTO gitusers(login, location, name, bio, avatar_url, company) VALUES (vitaly-t, Wicklow, Ireland, Vitaly Tomilov, Full-Stack Developer
, https://avatars.githubusercontent.com/u/5108906?v=4, undefined)

12:43:18 error: syntax error at or near "Tomilov"
         task(add-git-user): INSERT INTO gitusers(login, location, name, bio, avatar_url, company) VALUES (vitaly-t, Wicklow, Ireland, Vitaly Tomilov, Full-Stack Developer
, https://avatars.githubusercontent.com/u/5108906?v=4, undefined)

12:44:45 error: syntax error at end of input
         task(add-git-user): INSERT INTO gitusers(login, location, name, bio, avatar_url, company) VALUES ('vitaly-t', 'Wicklow, Ireland', 'Vitaly Tomilov', 'Full-Stack Developer
', 'https://avatars.githubusercontent.com/u/5108906?v=4', 'undefined)'

12:46:11 error: syntax error at or near ";"
         task(add-git-user): INSERT INTO gitusers(login, location, name, bio, avatar_url, company) VALUES ('vitaly-t', 'Wicklow, Ireland', 'Vitaly Tomilov', 'Full-Stack Developer
', 'https://avatars.githubusercontent.com/u/5108906?v=4', 'undefined)';

12:47:44 error: syntax error at or near ";"
         task(add-git-user): INSERT INTO gitusers(login, location, name, bio, avatar_url, company) VALUES ('vitaly-t', 'Wicklow, Ireland', 'Vitaly Tomilov', 'Full-Stack Developer
', 'https://avatars.githubusercontent.com/u/5108906?v=4', 'undefined)';RETURNING *

12:48:25 error: syntax error at end of input
         task(add-git-user): INSERT INTO gitusers(login, location, name, bio, avatar_url, company) VALUES ('vitaly-t', 'Wicklow, Ireland', 'Vitaly Tomilov', 'Full-Stack Developer
', 'https://avatars.githubusercontent.com/u/5108906?v=4', 'undefined)'--;RETURNING *

12:52:41 error: syntax error at or near ";"
         task(add-git-user): INSERT INTO public.gitusers(login, location, name, bio, avatar_url, company) VALUES ('vitaly-t', 'Wicklow, Ireland', 'Vitaly Tomilov', 'Full-Stack Developer
', 'https://avatars.githubusercontent.com/u/5108906?v=4', 'undefined)';

12:54:46 error: syntax error at or near ";"
         task(add-git-user): INSERT INTO public.gitusers(login, location, name, bio, avatar_url, company) VALUES ('vitaly-t', 'Wicklow, Ireland', 'Vitaly Tomilov', 'Full-Stack Developer
', 'https://avatars.githubusercontent.com/u/5108906?v=4', 'undefined)';

12:55:13 error: syntax error at or near ";"
         task(add-git-user): INSERT INTO public.gitusers(login, location, name, bio, avatar_url, company) VALUES ('vitaly-t', 'Wicklow, Ireland', 'Vitaly Tomilov', 'Full-Stack Developer
', 'https://avatars.githubusercontent.com/u/5108906?v=4', 'undefined)';

16:06:28 error: Cannot generate an INSERT from an empty array.
         task(add-git-user-repos): [Function: query]

16:17:08 error: Cannot generate an INSERT from an empty array.
         task(add-git-user-repos): [Function: query]

16:19:13 error: Cannot generate an INSERT from an empty array.
         task(add-git-user-repos): [Function: query]

16:21:05 error: Cannot generate an INSERT from an empty array.
         task(add-git-user-repos): [Function: query]

16:42:05 error: Property 'repositoryname' doesn't exist.
         task(add-git-user-repos): [Function: query]

16:46:15 error: Property 'repositoryname' doesn't exist.
         task(add-git-user-repos): [Function: query]

16:58:24 error: Property 'login' doesn't exist.
         task(add-git-user-repos): [Function: query]

17:40:37 error: column "repositoryname" of relation "gitlanguages" does not exist
         task(add-git-user-repos): insert into "gitlanguages"("login","repositoryname") values('xpertizer','angular-app'),('xpertizer','AngularJS-WebAPI-BookStore'),('xpertizer','AngularJsAndAsp.netMvc'),('xpertizer','BlogtaculousApp'),('xpertizer','Calculadora'),('xpertizer','Cheddar-Android'),('xpertizer','cheddar-ios'),('xpertizer','cheddar-ios'),('xpertizer','crudangular'),('xpertizer','crudangular'),('xpertizer','crudangular'),('xpertizer','Database-App'),('xpertizer','Database-App'),('xpertizer','eternalblue'),('xpertizer','eternalblue'),('xpertizer','eternalblue'),('xpertizer','eternalblue'),('xpertizer','Flappy-Bird-game-iOS-using-spritekit'),('xpertizer','FlappyBirdClone'),('xpertizer','git-cli'),('xpertizer','git-cli'),('xpertizer','FlappyBlock'),('xpertizer','GMGridView'),('xpertizer','l10n-brazil'),('xpertizer','l10n-brazil'),('xpertizer','gps_sat_pointer_android'),('xpertizer','iOS7-BarcodeScanner'),('xpertizer','lab'),('xpertizer','angular-app'),('xpertizer','AngularJS-WebAPI-BookStore'),('xpertizer','AngularJsAndAsp.netMvc'),('xpertizer','BlogtaculousApp'),('xpertizer','Calculadora'),('xpertizer','Cheddar-Android'),('xpertizer','cheddar-ios'),('xpertizer','cheddar-ios'),('xpertizer','crudangular'),('xpertizer','crudangular'),('xpertizer','crudangular'),('xpertizer','Database-App'),('xpertizer','Database-App'),('xpertizer','eternalblue'),('xpertizer','eternalblue'),('xpertizer','eternalblue'),('xpertizer','eternalblue'),('xpertizer','Flappy-Bird-game-iOS-using-spritekit'),('xpertizer','FlappyBirdClone'),('xpertizer','git-cli'),('xpertizer','git-cli'),('xpertizer','FlappyBlock'),('xpertizer','GMGridView'),('xpertizer','l10n-brazil'),('xpertizer','l10n-brazil'),('xpertizer','gps_sat_pointer_android'),('xpertizer','iOS7-BarcodeScanner'),('xpertizer','lab'),('xpertizer','angular-app'),('xpertizer','AngularJS-WebAPI-BookStore'),('xpertizer','AngularJsAndAsp.netMvc'),('xpertizer','BlogtaculousApp'),('xpertizer','Calculadora'),('xpertizer','Cheddar-Android'),('xpertizer','cheddar-ios'),('xpertizer','cheddar-ios'),('xpertizer','crudangular'),('xpertizer','crudangular'),('xpertizer','crudangular'),('xpertizer','Database-App'),('xpertizer','Database-App'),('xpertizer','eternalblue'),('xpertizer','eternalblue'),('xpertizer','eternalblue'),('xpertizer','eternalblue'),('xpertizer','Flappy-Bird-game-iOS-using-spritekit'),('xpertizer','FlappyBirdClone'),('xpertizer','git-cli'),('xpertizer','git-cli'),('xpertizer','FlappyBlock'),('xpertizer','GMGridView'),('xpertizer','l10n-brazil'),('xpertizer','l10n-brazil'),('xpertizer','gps_sat_pointer_android'),('xpertizer','iOS7-BarcodeScanner'),('xpertizer','lab'),('xpertizer','angular-app'),('xpertizer','AngularJS-WebAPI-BookStore'),('xpertizer','AngularJsAndAsp.netMvc'),('xpertizer','BlogtaculousApp'),('xpertizer','Calculadora'),('xpertizer','Cheddar-Android'),('xpertizer','cheddar-ios'),('xpertizer','cheddar-ios'),('xpertizer','crudangular'),('xpertizer','crudangular'),('xpertizer','crudangular'),('xpertizer','Database-App'),('xpertizer','Database-App'),('xpertizer','eternalblue'),('xpertizer','eternalblue'),('xpertizer','eternalblue'),('xpertizer','eternalblue'),('xpertizer','Flappy-Bird-game-iOS-using-spritekit'),('xpertizer','FlappyBirdClone'),('xpertizer','git-cli'),('xpertizer','git-cli'),('xpertizer','FlappyBlock'),('xpertizer','GMGridView'),('xpertizer','l10n-brazil'),('xpertizer','l10n-brazil'),('xpertizer','gps_sat_pointer_android'),('xpertizer','iOS7-BarcodeScanner'),('xpertizer','lab'),('xpertizer','angular-app'),('xpertizer','AngularJS-WebAPI-BookStore'),('xpertizer','AngularJsAndAsp.netMvc'),('xpertizer','BlogtaculousApp'),('xpertizer','Calculadora'),('xpertizer','Cheddar-Android'),('xpertizer','cheddar-ios'),('xpertizer','cheddar-ios'),('xpertizer','crudangular'),('xpertizer','crudangular'),('xpertizer','crudangular'),('xpertizer','Database-App'),('xpertizer','Database-App'),('xpertizer','eternalblue'),('xpertizer','eternalblue'),('xpertizer','eternalblue'),('xpertizer','eternalblue'),('xpertizer','Flappy-Bird-game-iOS-using-spritekit'),('xpertizer','FlappyBirdClone'),('xpertizer','git-cli'),('xpertizer','git-cli'),('xpertizer','FlappyBlock'),('xpertizer','GMGridView'),('xpertizer','l10n-brazil'),('xpertizer','l10n-brazil'),('xpertizer','gps_sat_pointer_android'),('xpertizer','iOS7-BarcodeScanner'),('xpertizer','lab'),('xpertizer','angular-app'),('xpertizer','AngularJS-WebAPI-BookStore'),('xpertizer','AngularJsAndAsp.netMvc'),('xpertizer','BlogtaculousApp'),('xpertizer','Calculadora'),('xpertizer','Cheddar-Android'),('xpertizer','cheddar-ios'),('xpertizer','cheddar-ios'),('xpertizer','crudangular'),('xpertizer','crudangular'),('xpertizer','crudangular'),('xpertizer','Database-App'),('xpertizer','Database-App'),('xpertizer','eternalblue'),('xpertizer','eternalblue'),('xpertizer','eternalblue'),('xpertizer','eternalblue'),('xpertizer','Flappy-Bird-game-iOS-using-spritekit'),('xpertizer','FlappyBirdClone'),('xpertizer','git-cli'),('xpertizer','git-cli'),('xpertizer','FlappyBlock'),('xpertizer','GMGridView'),('xpertizer','l10n-brazil'),('xpertizer','l10n-brazil'),('xpertizer','gps_sat_pointer_android'),('xpertizer','iOS7-BarcodeScanner'),('xpertizer','lab'),('xpertizer','angular-app'),('xpertizer','AngularJS-WebAPI-BookStore'),('xpertizer','AngularJsAndAsp.netMvc'),('xpertizer','BlogtaculousApp'),('xpertizer','Calculadora'),('xpertizer','Cheddar-Android'),('xpertizer','cheddar-ios'),('xpertizer','cheddar-ios'),('xpertizer','crudangular'),('xpertizer','crudangular'),('xpertizer','crudangular'),('xpertizer','Database-App'),('xpertizer','Database-App'),('xpertizer','eternalblue'),('xpertizer','eternalblue'),('xpertizer','eternalblue'),('xpertizer','eternalblue'),('xpertizer','Flappy-Bird-game-iOS-using-spritekit'),('xpertizer','FlappyBirdClone'),('xpertizer','git-cli'),('xpertizer','git-cli'),('xpertizer','FlappyBlock'),('xpertizer','GMGridView'),('xpertizer','l10n-brazil'),('xpertizer','l10n-brazil'),('xpertizer','gps_sat_pointer_android'),('xpertizer','iOS7-BarcodeScanner'),('xpertizer','lab'),('xpertizer','angular-app'),('xpertizer','AngularJS-WebAPI-BookStore'),('xpertizer','AngularJsAndAsp.netMvc'),('xpertizer','BlogtaculousApp'),('xpertizer','Calculadora'),('xpertizer','Cheddar-Android'),('xpertizer','cheddar-ios'),('xpertizer','cheddar-ios'),('xpertizer','crudangular'),('xpertizer','crudangular'),('xpertizer','crudangular'),('xpertizer','Database-App'),('xpertizer','Database-App'),('xpertizer','eternalblue'),('xpertizer','eternalblue'),('xpertizer','eternalblue'),('xpertizer','eternalblue'),('xpertizer','Flappy-Bird-game-iOS-using-spritekit'),('xpertizer','FlappyBirdClone'),('xpertizer','git-cli'),('xpertizer','git-cli'),('xpertizer','FlappyBlock'),('xpertizer','GMGridView'),('xpertizer','l10n-brazil'),('xpertizer','l10n-brazil'),('xpertizer','gps_sat_pointer_android'),('xpertizer','iOS7-BarcodeScanner'),('xpertizer','lab'),('xpertizer','angular-app'),('xpertizer','AngularJS-WebAPI-BookStore'),('xpertizer','AngularJsAndAsp.netMvc'),('xpertizer','BlogtaculousApp'),('xpertizer','Calculadora'),('xpertizer','Cheddar-Android'),('xpertizer','cheddar-ios'),('xpertizer','cheddar-ios'),('xpertizer','crudangular'),('xpertizer','crudangular'),('xpertizer','crudangular'),('xpertizer','Database-App'),('xpertizer','Database-App'),('xpertizer','eternalblue'),('xpertizer','eternalblue'),('xpertizer','eternalblue'),('xpertizer','eternalblue'),('xpertizer','Flappy-Bird-game-iOS-using-spritekit'),('xpertizer','FlappyBirdClone'),('xpertizer','git-cli'),('xpertizer','git-cli'),('xpertizer','FlappyBlock'),('xpertizer','GMGridView'),('xpertizer','l10n-brazil'),('xpertizer','l10n-brazil'),('xpertizer','gps_sat_pointer_android'),('xpertizer','iOS7-BarcodeScanner'),('xpertizer','lab'),('xpertizer','angular-app'),('xpertizer','AngularJS-WebAPI-BookStore'),('xpertizer','AngularJsAndAsp.netMvc'),('xpertizer','BlogtaculousApp'),('xpertizer','Calculadora'),('xpertizer','Cheddar-Android'),('xpertizer','cheddar-ios'),('xpertizer','cheddar-ios'),('xpertizer','crudangular'),('xpertizer','crudangular'),('xpertizer','crudangular'),('xpertizer','Database-App'),('xpertizer','Database-App'),('xpertizer','eternalblue'),('xpertizer','eternalblue'),('xpertizer','eternalblue'),('xpertizer','eternalblue'),('xpertizer','Flappy-Bird-game-iOS-using-spritekit'),('xpertizer','FlappyBirdClone'),('xpertizer','git-cli'),('xpertizer','git-cli'),('xpertizer','FlappyBlock'),('xpertizer','GMGridView'),('xpertizer','l10n-brazil'),('xpertizer','l10n-brazil'),('xpertizer','gps_sat_pointer_android'),('xpertizer','iOS7-BarcodeScanner'),('xpertizer','lab'),('xpertizer','angular-app'),('xpertizer','AngularJS-WebAPI-BookStore'),('xpertizer','AngularJsAndAsp.netMvc'),('xpertizer','BlogtaculousApp'),('xpertizer','Calculadora'),('xpertizer','Cheddar-Android'),('xpertizer','cheddar-ios'),('xpertizer','cheddar-ios'),('xpertizer','crudangular'),('xpertizer','crudangular'),('xpertizer','crudangular'),('xpertizer','Database-App'),('xpertizer','Database-App'),('xpertizer','eternalblue'),('xpertizer','eternalblue'),('xpertizer','eternalblue'),('xpertizer','eternalblue'),('xpertizer','Flappy-Bird-game-iOS-using-spritekit'),('xpertizer','FlappyBirdClone'),('xpertizer','git-cli'),('xpertizer','git-cli'),('xpertizer','FlappyBlock'),('xpertizer','GMGridView'),('xpertizer','l10n-brazil'),('xpertizer','l10n-brazil'),('xpertizer','gps_sat_pointer_android'),('xpertizer','iOS7-BarcodeScanner'),('xpertizer','lab'),('xpertizer','angular-app'),('xpertizer','AngularJS-WebAPI-BookStore'),('xpertizer','AngularJsAndAsp.netMvc'),('xpertizer','BlogtaculousApp'),('xpertizer','Calculadora'),('xpertizer','Cheddar-Android'),('xpertizer','cheddar-ios'),('xpertizer','cheddar-ios'),('xpertizer','crudangular'),('xpertizer','crudangular'),('xpertizer','crudangular'),('xpertizer','Database-App'),('xpertizer','Database-App'),('xpertizer','eternalblue'),('xpertizer','eternalblue'),('xpertizer','eternalblue'),('xpertizer','eternalblue'),('xpertizer','Flappy-Bird-game-iOS-using-spritekit'),('xpertizer','FlappyBirdClone'),('xpertizer','git-cli'),('xpertizer','git-cli'),('xpertizer','FlappyBlock'),('xpertizer','GMGridView'),('xpertizer','l10n-brazil'),('xpertizer','l10n-brazil'),('xpertizer','gps_sat_pointer_android'),('xpertizer','iOS7-BarcodeScanner'),('xpertizer','lab'),('xpertizer','angular-app'),('xpertizer','AngularJS-WebAPI-BookStore'),('xpertizer','AngularJsAndAsp.netMvc'),('xpertizer','BlogtaculousApp'),('xpertizer','Calculadora'),('xpertizer','Cheddar-Android'),('xpertizer','cheddar-ios'),('xpertizer','cheddar-ios'),('xpertizer','crudangular'),('xpertizer','crudangular'),('xpertizer','crudangular'),('xpertizer','Database-App'),('xpertizer','Database-App'),('xpertizer','eternalblue'),('xpertizer','eternalblue'),('xpertizer','eternalblue'),('xpertizer','eternalblue'),('xpertizer','Flappy-Bird-game-iOS-using-spritekit'),('xpertizer','FlappyBirdClone'),('xpertizer','git-cli'),('xpertizer','git-cli'),('xpertizer','FlappyBlock'),('xpertizer','GMGridView'),('xpertizer','l10n-brazil'),('xpertizer','l10n-brazil'),('xpertizer','gps_sat_pointer_android'),('xpertizer','iOS7-BarcodeScanner'),('xpertizer','lab'),('xpertizer','angular-app'),('xpertizer','AngularJS-WebAPI-BookStore'),('xpertizer','AngularJsAndAsp.netMvc'),('xpertizer','BlogtaculousApp'),('xpertizer','Calculadora'),('xpertizer','Cheddar-Android'),('xpertizer','cheddar-ios'),('xpertizer','cheddar-ios'),('xpertizer','crudangular'),('xpertizer','crudangular'),('xpertizer','crudangular'),('xpertizer','Database-App'),('xpertizer','Database-App'),('xpertizer','eternalblue'),('xpertizer','eternalblue'),('xpertizer','eternalblue'),('xpertizer','eternalblue'),('xpertizer','Flappy-Bird-game-iOS-using-spritekit'),('xpertizer','FlappyBirdClone'),('xpertizer','git-cli'),('xpertizer','git-cli'),('xpertizer','FlappyBlock'),('xpertizer','GMGridView'),('xpertizer','l10n-brazil'),('xpertizer','l10n-brazil'),('xpertizer','gps_sat_pointer_android'),('xpertizer','iOS7-BarcodeScanner'),('xpertizer','lab'),('xpertizer','angular-app'),('xpertizer','AngularJS-WebAPI-BookStore'),('xpertizer','AngularJsAndAsp.netMvc'),('xpertizer','BlogtaculousApp'),('xpertizer','Calculadora'),('xpertizer','Cheddar-Android'),('xpertizer','cheddar-ios'),('xpertizer','cheddar-ios'),('xpertizer','crudangular'),('xpertizer','crudangular'),('xpertizer','crudangular'),('xpertizer','Database-App'),('xpertizer','Database-App'),('xpertizer','eternalblue'),('xpertizer','eternalblue'),('xpertizer','eternalblue'),('xpertizer','eternalblue'),('xpertizer','Flappy-Bird-game-iOS-using-spritekit'),('xpertizer','FlappyBirdClone'),('xpertizer','git-cli'),('xpertizer','git-cli'),('xpertizer','FlappyBlock'),('xpertizer','GMGridView'),('xpertizer','l10n-brazil'),('xpertizer','l10n-brazil'),('xpertizer','gps_sat_pointer_android'),('xpertizer','iOS7-BarcodeScanner'),('xpertizer','lab'),('xpertizer','angular-app'),('xpertizer','AngularJS-WebAPI-BookStore'),('xpertizer','AngularJsAndAsp.netMvc'),('xpertizer','BlogtaculousApp'),('xpertizer','Calculadora'),('xpertizer','Cheddar-Android'),('xpertizer','cheddar-ios'),('xpertizer','cheddar-ios'),('xpertizer','crudangular'),('xpertizer','crudangular'),('xpertizer','crudangular'),('xpertizer','Database-App'),('xpertizer','Database-App'),('xpertizer','eternalblue'),('xpertizer','eternalblue'),('xpertizer','eternalblue'),('xpertizer','eternalblue'),('xpertizer','Flappy-Bird-game-iOS-using-spritekit'),('xpertizer','FlappyBirdClone'),('xpertizer','git-cli'),('xpertizer','git-cli'),('xpertizer','FlappyBlock'),('xpertizer','GMGridView'),('xpertizer','l10n-brazil'),('xpertizer','l10n-brazil'),('xpertizer','gps_sat_pointer_android'),('xpertizer','iOS7-BarcodeScanner'),('xpertizer','lab'),('xpertizer','angular-app'),('xpertizer','AngularJS-WebAPI-BookStore'),('xpertizer','AngularJsAndAsp.netMvc'),('xpertizer','BlogtaculousApp'),('xpertizer','Calculadora'),('xpertizer','Cheddar-Android'),('xpertizer','cheddar-ios'),('xpertizer','cheddar-ios'),('xpertizer','crudangular'),('xpertizer','crudangular'),('xpertizer','crudangular'),('xpertizer','Database-App'),('xpertizer','Database-App'),('xpertizer','eternalblue'),('xpertizer','eternalblue'),('xpertizer','eternalblue'),('xpertizer','eternalblue'),('xpertizer','Flappy-Bird-game-iOS-using-spritekit'),('xpertizer','FlappyBirdClone'),('xpertizer','git-cli'),('xpertizer','git-cli'),('xpertizer','FlappyBlock'),('xpertizer','GMGridView'),('xpertizer','l10n-brazil'),('xpertizer','l10n-brazil'),('xpertizer','gps_sat_pointer_android'),('xpertizer','iOS7-BarcodeScanner'),('xpertizer','lab'),('xpertizer','angular-app'),('xpertizer','AngularJS-WebAPI-BookStore'),('xpertizer','AngularJsAndAsp.netMvc'),('xpertizer','BlogtaculousApp'),('xpertizer','Calculadora'),('xpertizer','Cheddar-Android'),('xpertizer','cheddar-ios'),('xpertizer','cheddar-ios'),('xpertizer','crudangular'),('xpertizer','crudangular'),('xpertizer','crudangular'),('xpertizer','Database-App'),('xpertizer','Database-App'),('xpertizer','eternalblue'),('xpertizer','eternalblue'),('xpertizer','eternalblue'),('xpertizer','eternalblue'),('xpertizer','Flappy-Bird-game-iOS-using-spritekit'),('xpertizer','FlappyBirdClone'),('xpertizer','git-cli'),('xpertizer','git-cli'),('xpertizer','FlappyBlock'),('xpertizer','GMGridView'),('xpertizer','l10n-brazil'),('xpertizer','l10n-brazil'),('xpertizer','gps_sat_pointer_android'),('xpertizer','iOS7-BarcodeScanner'),('xpertizer','lab'),('xpertizer','angular-app'),('xpertizer','AngularJS-WebAPI-BookStore'),('xpertizer','AngularJsAndAsp.netMvc'),('xpertizer','BlogtaculousApp'),('xpertizer','Calculadora'),('xpertizer','Cheddar-Android'),('xpertizer','cheddar-ios'),('xpertizer','cheddar-ios'),('xpertizer','crudangular'),('xpertizer','crudangular'),('xpertizer','crudangular'),('xpertizer','Database-App'),('xpertizer','Database-App'),('xpertizer','eternalblue'),('xpertizer','eternalblue'),('xpertizer','eternalblue'),('xpertizer','eternalblue'),('xpertizer','Flappy-Bird-game-iOS-using-spritekit'),('xpertizer','FlappyBirdClone'),('xpertizer','git-cli'),('xpertizer','git-cli'),('xpertizer','FlappyBlock'),('xpertizer','GMGridView'),('xpertizer','l10n-brazil'),('xpertizer','l10n-brazil'),('xpertizer','gps_sat_pointer_android'),('xpertizer','iOS7-BarcodeScanner'),('xpertizer','lab')

17:42:05 error: Cannot generate an INSERT from an empty array.
         task(add-git-user-repos): [Function: query]

17:50:28 error: Cannot generate an INSERT from an empty array.
         task(add-git-user-repos): [Function: query]

19:00:28 error: Cannot generate an INSERT from an empty array.
         task(add-git-user-repos): [Function: query]

19:05:03 error: Cannot generate an INSERT from an empty array.
         task(add-git-user-repos): [Function: query]

19:08:04 error: Cannot generate an INSERT from an empty array.
         task(add-git-user-repos): [Function: query]

19:17:23 error: Cannot generate an INSERT from an empty array.
         task(add-git-user-repos): [Function: query]

19:20:09 error: Cannot generate an INSERT from an empty array.
         task(add-git-user-repos): [Function: query]

19:21:40 error: Cannot generate an INSERT from an empty array.
         task(add-git-user-repos): [Function: query]

19:25:31 error: Cannot generate an INSERT from an empty array.
         task(add-git-user-repos): [Function: query]

19:27:02 error: Cannot generate an INSERT from an empty array.
         task(add-git-user-repos): [Function: query]

19:51:04 error: Cannot generate an INSERT from an empty array.
         task(add-git-user-repos): [Function: query]

19:53:38 error: Cannot generate an INSERT from an empty array.
         task(add-git-user-repos): [Function: query]

19:56:27 error: Cannot generate an INSERT from an empty array.
         task(add-git-user-repos): [Function: query]

20:00:19 error: Cannot generate an INSERT from an empty array.
         task(add-git-user-repos): [Function: query]

20:04:12 error: Cannot generate an INSERT from an empty array.
         task(add-git-user-repos): [Function: query]

20:08:49 error: Cannot generate an INSERT from an empty array.
         task(add-git-user-repos): [Function: query]

20:14:51 error: Cannot generate an INSERT from an empty array.
         task(add-git-user-repos): [Function: query]

20:22:57 error: Cannot generate an INSERT from an empty array.
         task(add-git-user-repos): [Function: query]

20:25:12 error: Cannot generate an INSERT from an empty array.
         task(add-git-user-repos): [Function: query]

20:29:37 error: Cannot generate an INSERT from an empty array.
         task(add-git-user-repos): [Function: query]

20:33:35 error: Cannot generate an INSERT from an empty array.
         task(add-git-user-repos): [Function: query]

20:42:00 error: Cannot generate an INSERT from an empty array.
         task(add-git-user-repos): [Function: query]

21:50:03 error: Cannot generate an INSERT from an empty array.
         task(add-git-user-repos): [Function: query]

22:14:09 error: Cannot generate an INSERT from an empty array.
         task(add-git-user-repos): [Function: query]

22:20:41 error: Cannot generate an INSERT from an empty array.
         task(add-git-user-repos): [Function: query]

22:30:20 error: Cannot generate an INSERT from an empty array.
         task(add-git-user-repos): [Function: query]

22:42:57 error: Cannot generate an INSERT from an empty array.
         task(add-git-user-repos): [Function: query]

23:09:43 error: there is no parameter $1
         task(add-git-user): SELECT * FROM gitusers WHERE login = $1

23:12:18 error: there is no parameter $1
         task(add-git-user): SELECT * FROM gitusers WHERE login = $1

23:13:18 error: Cannot generate an INSERT from an empty array.
         task(add-git-user-repos): [Function: query]

23:18:36 error: Cannot generate an INSERT from an empty array.
         task(add-git-user-repos): [Function: query]

23:20:18 error: Cannot generate an INSERT from an empty array.
         task(add-git-user-repos): [Function: query]

23:22:38 error: Cannot generate an INSERT from an empty array.
         task(add-git-user-repos): [Function: query]

23:23:30 error: Cannot generate an INSERT from an empty array.
         task(add-git-user-repos): [Function: query]

23:25:26 error: Cannot generate an INSERT from an empty array.
         task(add-git-user-repos): [Function: query]

23:26:37 error: Cannot generate an INSERT from an empty array.
         task(add-git-user-repos): [Function: query]

23:30:38 error: there is no parameter $1
         task(add-git-user): SELECT * FROM gitusers WHERE login = $1

23:32:48 error: there is no parameter $1
         task(add-git-user): SELECT * FROM gitusers WHERE login = $1

23:55:04 error: Cannot generate an INSERT from an empty array.
         task(add-git-user-repos): [Function: query]

23:57:33 error: Cannot generate an INSERT from an empty array.
         task(add-git-user-repos): [Function: query]

23:59:07 error: Cannot generate an INSERT from an empty array.
         task(add-git-user-repos): [Function: query]

00:15:42 error: Cannot generate an INSERT from an empty array.
         task(add-git-user-repos): [Function: query]

20:22:13 error: there is no parameter $1
         task(add-git-user): SELECT * FROM gitusers WHERE login = $1

10:52:30 error: Invalid parameter 'data' specified.
         task(add-git-user): [Function: query]

10:58:12 error: Invalid parameter 'data' specified.
         task(add-git-user): [Function: query]

11:10:09 error: Invalid parameter 'data' specified.
         task(add-git-user): [Function: query]

11:18:58 error: Invalid parameter 'data' specified.
         task(add-git-user): [Function: query]

11:22:44 error: Invalid parameter 'data' specified.
         task(add-git-user): [Function: query]

11:29:10 error: Invalid parameter 'data' specified.
         task(add-git-user): [Function: query]

11:31:01 error: Invalid parameter 'data' specified.
         task(add-git-user): [Function: query]

11:34:22 error: Invalid parameter 'data' specified.
         task(add-git-user): [Function: query]

11:35:07 error: Invalid parameter 'data' specified.
         task(add-git-user): [Function: query]

11:40:30 error: Property 'location' doesn't exist.
         task(add-git-user): [Function: query]

11:58:14 error: there is no parameter $1
         task(add-git-user-repo-lang): SELECT * FROM gitlanguages WHERE login = $1 and language=$2 and respositoryname = $3

12:00:16 error: syntax error at or near "for"
         task(add-git-user-repo-lang): SELECT * FROM gitlanguages WHERE login = torvalds and language=C and respositoryname = libdc-for-dirk

12:01:57 error: column "respositoryname" does not exist
         task(add-git-user-repo-lang): SELECT * FROM gitlanguages WHERE login = 'torvalds' and language='C' and respositoryname = 'libdc-for-dirk'

12:04:58 error: column gitlanguages.respositoryname does not exist
         task(add-git-user-repo-lang): SELECT * FROM gitlanguages WHERE login = 'torvalds' and language='C' and gitlanguages.respositoryname = 'libdc-for-dirk'

12:30:49 error: Multiple rows were not expected.
         task(add-git-user): SELECT * FROM gitusers WHERE location like '%%'

20:58:55 error: String.prototype.toUpperCase called on null or undefined
         task(find-git-user): SELECT * FROM gitusers WHERE UPPER(location) like $1